<?xml version="1.0" encoding="UTF-8"?>
<testsuite name="com.example.AppTest" tests="1" skipped="0" failures="0" errors="0" timestamp="2025-05-07T02:31:24.267Z" hostname="NEELAMBIKA" time="0.01">
  <properties/>
  <testcase name="testApp" classname="com.example.AppTest" time="0.01"/>
  <system-out><![CDATA[]]></system-out>
  <system-err><![CDATA[]]></system-err>
</testsuite>
